# JRE version: OpenJDK Runtime Environment (11.0.15) (build 11.0.15+0-b2043.56-9505619)
# Java VM: OpenJDK 64-Bit Server VM (11.0.15+0-b2043.56-9505619, mixed mode, tiered, compressed oops, g1 gc, windows-amd64)
Heap:
 garbage-first heap   total 248832K, used 153768K [0x0000000080000000, 0x0000000100000000)
  region size 1024K, 45 young (46080K), 1 survivors (1024K)
 Metaspace       used 128991K, capacity 133649K, committed 133788K, reserved 1165312K
  class space    used 16447K, capacity 18145K, committed 18200K, reserved 1048576K
GC Heap History (20 events):
Event: 2280.188 GC heap before
{Heap before GC invocations=99 (full 0):
 garbage-first heap   total 248832K, used 136157K [0x0000000080000000, 0x0000000100000000)
  region size 1024K, 12 young (12288K), 3 survivors (3072K)
 Metaspace       used 128099K, capacity 132730K, committed 133020K, reserved 1165312K
  class space    used 16425K, capacity 18095K, committed 18200K, reserved 1048576K
}
Event: 2280.202 GC heap after
{Heap after GC invocations=100 (full 0):
 garbage-first heap   total 248832K, used 113704K [0x0000000080000000, 0x0000000100000000)
  region size 1024K, 2 young (2048K), 2 survivors (2048K)
 Metaspace       used 128099K, capacity 132730K, committed 133020K, reserved 1165312K
  class space    used 16425K, capacity 18095K, committed 18200K, reserved 1048576K
}
Event: 2281.067 GC heap before
{Heap before GC invocations=100 (full 0):
 garbage-first heap   total 248832K, used 164904K [0x0000000080000000, 0x0000000100000000)
  region size 1024K, 53 young (54272K), 2 survivors (2048K)
 Metaspace       used 128179K, capacity 132730K, committed 133020K, reserved 1165312K
  class space    used 16425K, capacity 18095K, committed 18200K, reserved 1048576K
}
Event: 2281.114 GC heap after
{Heap after GC invocations=101 (full 0):
 garbage-first heap   total 248832K, used 119176K [0x0000000080000000, 0x0000000100000000)
  region size 1024K, 7 young (7168K), 7 survivors (7168K)
 Metaspace       used 128179K, capacity 132730K, committed 133020K, reserved 1165312K
  class space    used 16425K, capacity 18095K, committed 18200K, reserved 1048576K
}
Event: 2337.287 GC heap before
{Heap before GC invocations=102 (full 0):
 garbage-first heap   total 248832K, used 172424K [0x0000000080000000, 0x0000000100000000)
  region size 1024K, 60 young (61440K), 7 survivors (7168K)
 Metaspace       used 128270K, capacity 132863K, committed 133020K, reserved 1165312K
  class space    used 16426K, capacity 18095K, committed 18200K, reserved 1048576K
}
Event: 2337.321 GC heap after
{Heap after GC invocations=103 (full 0):
 garbage-first heap   total 248832K, used 125668K [0x0000000080000000, 0x0000000100000000)
  region size 1024K, 7 young (7168K), 7 survivors (7168K)
 Metaspace       used 128270K, capacity 132863K, committed 133020K, reserved 1165312K
  class space    used 16426K, capacity 18095K, committed 18200K, reserved 1048576K
}
Event: 2337.372 GC heap before
{Heap before GC invocations=103 (full 0):
 garbage-first heap   total 248832K, used 130788K [0x0000000080000000, 0x0000000100000000)
  region size 1024K, 12 young (12288K), 7 survivors (7168K)
 Metaspace       used 128271K, capacity 132863K, committed 133020K, reserved 1165312K
  class space    used 16426K, capacity 18095K, committed 18200K, reserved 1048576K
}
Event: 2337.423 GC heap after
{Heap after GC invocations=104 (full 0):
 garbage-first heap   total 248832K, used 116290K [0x0000000080000000, 0x0000000100000000)
  region size 1024K, 2 young (2048K), 2 survivors (2048K)
 Metaspace       used 128271K, capacity 132863K, committed 133020K, reserved 1165312K
  class space    used 16426K, capacity 18095K, committed 18200K, reserved 1048576K
}
Event: 2441.011 GC heap before
{Heap before GC invocations=104 (full 0):
 garbage-first heap   total 248832K, used 172610K [0x0000000080000000, 0x0000000100000000)
  region size 1024K, 58 young (59392K), 2 survivors (2048K)
 Metaspace       used 128352K, capacity 132932K, committed 133276K, reserved 1165312K
  class space    used 16426K, capacity 18095K, committed 18200K, reserved 1048576K
}
Event: 2441.054 GC heap after
{Heap after GC invocations=105 (full 0):
 garbage-first heap   total 248832K, used 120979K [0x0000000080000000, 0x0000000100000000)
  region size 1024K, 6 young (6144K), 6 survivors (6144K)
 Metaspace       used 128352K, capacity 132932K, committed 133276K, reserved 1165312K
  class space    used 16426K, capacity 18095K, committed 18200K, reserved 1048576K
}
Event: 2489.609 GC heap before
{Heap before GC invocations=106 (full 0):
 garbage-first heap   total 248832K, used 187539K [0x0000000080000000, 0x0000000100000000)
  region size 1024K, 64 young (65536K), 6 survivors (6144K)
 Metaspace       used 128595K, capacity 133227K, committed 133532K, reserved 1165312K
  class space    used 16429K, capacity 18101K, committed 18200K, reserved 1048576K
}
Event: 2489.646 GC heap after
{Heap after GC invocations=107 (full 0):
 garbage-first heap   total 248832K, used 123049K [0x0000000080000000, 0x0000000100000000)
  region size 1024K, 5 young (5120K), 5 survivors (5120K)
 Metaspace       used 128595K, capacity 133227K, committed 133532K, reserved 1165312K
  class space    used 16429K, capacity 18101K, committed 18200K, reserved 1048576K
}
Event: 2651.230 GC heap before
{Heap before GC invocations=107 (full 0):
 garbage-first heap   total 248832K, used 129193K [0x0000000080000000, 0x0000000100000000)
  region size 1024K, 12 young (12288K), 5 survivors (5120K)
 Metaspace       used 128623K, capacity 133227K, committed 133532K, reserved 1165312K
  class space    used 16429K, capacity 18101K, committed 18200K, reserved 1048576K
}
Event: 2651.485 GC heap after
{Heap after GC invocations=108 (full 0):
 garbage-first heap   total 248832K, used 116989K [0x0000000080000000, 0x0000000100000000)
  region size 1024K, 2 young (2048K), 2 survivors (2048K)
 Metaspace       used 128623K, capacity 133227K, committed 133532K, reserved 1165312K
  class space    used 16429K, capacity 18101K, committed 18200K, reserved 1048576K
}
Event: 2666.962 GC heap before
{Heap before GC invocations=108 (full 0):
 garbage-first heap   total 248832K, used 180477K [0x0000000080000000, 0x0000000100000000)
  region size 1024K, 65 young (66560K), 2 survivors (2048K)
 Metaspace       used 128723K, capacity 133311K, committed 133532K, reserved 1165312K
  class space    used 16433K, capacity 18104K, committed 18200K, reserved 1048576K
}
Event: 2667.092 GC heap after
{Heap after GC invocations=109 (full 0):
 garbage-first heap   total 248832K, used 124635K [0x0000000080000000, 0x0000000100000000)
  region size 1024K, 9 young (9216K), 9 survivors (9216K)
 Metaspace       used 128723K, capacity 133311K, committed 133532K, reserved 1165312K
  class space    used 16433K, capacity 18104K, committed 18200K, reserved 1048576K
}
Event: 2737.746 GC heap before
{Heap before GC invocations=110 (full 0):
 garbage-first heap   total 248832K, used 215771K [0x0000000080000000, 0x0000000100000000)
  region size 1024K, 70 young (71680K), 9 survivors (9216K)
 Metaspace       used 128922K, capacity 133517K, committed 133788K, reserved 1165312K
  class space    used 16447K, capacity 18145K, committed 18200K, reserved 1048576K
}
Event: 2737.811 GC heap after
{Heap after GC invocations=111 (full 0):
 garbage-first heap   total 248832K, used 124853K [0x0000000080000000, 0x0000000100000000)
  region size 1024K, 4 young (4096K), 4 survivors (4096K)
 Metaspace       used 128922K, capacity 133517K, committed 133788K, reserved 1165312K
  class space    used 16447K, capacity 18145K, committed 18200K, reserved 1048576K
}
Event: 2737.994 GC heap before
{Heap before GC invocations=111 (full 0):
 garbage-first heap   total 248832K, used 132021K [0x0000000080000000, 0x0000000100000000)
  region size 1024K, 12 young (12288K), 4 survivors (4096K)
 Metaspace       used 128924K, capacity 133517K, committed 133788K, reserved 1165312K
  class space    used 16447K, capacity 18145K, committed 18200K, reserved 1048576K
}
Event: 2738.037 GC heap after
{Heap after GC invocations=112 (full 0):
 garbage-first heap   total 248832K, used 110760K [0x0000000080000000, 0x0000000100000000)
  region size 1024K, 1 young (1024K), 1 survivors (1024K)
 Metaspace       used 128924K, capacity 133517K, committed 133788K, reserved 1165312K
  class space    used 16447K, capacity 18145K, committed 18200K, reserved 1048576K
}

